2014-05-07 15:38:01,124 <               views              views.py>   10  DEBUG  - wocao
2014-05-07 15:39:04,405 <views                             views.py>   10  DEBUG  - wocao
2014-05-07 15:39:33,644 <     views::views.py  >   10  DEBUG  - wocao
2014-05-07 15:39:59,664      views::views.py     10  DEBUG  - wocao
2014-05-07 16:35:20,240      views::views.py     10  DEBUG  - wocao
2014-05-07 16:41:05,203      views::views.py     10  DEBUG  - wocao
2014-05-07 16:51:23,323      views::views.py     10   VIEW  - wocao
2014-05-07 16:52:03,865      views::views.py     10   VIEW  - wocao
2014-05-07 16:52:03,865      views::views.py     11 SERVICE  - nima
2014-05-07 16:58:31,904      debug::debug.py     37  DEBUG  - nima
2014-05-07 16:58:31,904      debug::debug.py     41   VIEW  - wocao
2014-05-07 16:58:31,904      debug::debug.py     41 SERVICE  - nima
2014-05-07 16:59:52,486      debug::debug.py     40   VIEW  - wocao
2014-05-07 16:59:52,486      debug::debug.py     40 SERVICE  - nima
2014-05-07 16:59:52,674      debug::debug.py     40   VIEW  - wocao
2014-05-07 16:59:52,676      debug::debug.py     40 SERVICE  - nima
2014-05-07 16:59:52,828      debug::debug.py     40   VIEW  - wocao
2014-05-07 16:59:52,831      debug::debug.py     40 SERVICE  - nima
2014-05-07 16:59:57,595      debug::debug.py     40   VIEW  - wocao
2014-05-07 16:59:57,596      debug::debug.py     40 SERVICE  - nima
2014-05-07 17:18:22,609      debug::debug.py     17   VIEW  - wocao
2014-05-07 17:18:22,609      debug::debug.py     17 SERVICE  - nima
2014-05-07 17:18:23,839      debug::debug.py     17   VIEW  - wocao
2014-05-07 17:18:23,839      debug::debug.py     17 SERVICE  - nima
2014-05-07 17:18:40,045      debug::debug.py     17   VIEW  - wocao
2014-05-07 17:18:40,045      debug::debug.py     17 SERVICE  - nima
2014-05-07 17:18:40,236      debug::debug.py     17   VIEW  - wocao
2014-05-07 17:18:40,236      debug::debug.py     17 SERVICE  - nima
2014-05-07 17:18:40,401      debug::debug.py     17   VIEW  - wocao
2014-05-07 17:18:40,403      debug::debug.py     17 SERVICE  - nima
2014-05-07 17:18:40,563      debug::debug.py     17   VIEW  - wocao
2014-05-07 17:18:40,563      debug::debug.py     17 SERVICE  - nima
2014-05-07 17:18:40,698      debug::debug.py     17   VIEW  - wocao
2014-05-07 17:18:40,698      debug::debug.py     17 SERVICE  - nima
2014-05-07 17:19:55,045      debug::debug.py     30   VIEW  - wocao
2014-05-07 17:19:55,045      debug::debug.py     30 SERVICE  - nima
2014-05-07 17:20:07,167      debug::debug.py     30   VIEW  - wocao
2014-05-07 17:20:07,167      debug::debug.py     30 SERVICE  - nima
2014-05-07 17:21:32,437      views::views.py     10   VIEW  - wocao
2014-05-07 17:21:32,437      views::views.py     11 SERVICE  - nima
2014-05-07 17:21:36,368      views::views.py     10   VIEW  - wocao
2014-05-07 17:21:36,368      views::views.py     11 SERVICE  - nima
2014-05-07 17:21:36,664      views::views.py     10   VIEW  - wocao
2014-05-07 17:21:36,664      views::views.py     11 SERVICE  - nima
2014-05-07 17:21:36,921      views::views.py     10   VIEW  - wocao
2014-05-07 17:21:36,921      views::views.py     11 SERVICE  - nima
2014-05-07 17:21:42,690      views::views.py     10   VIEW  - wocao
2014-05-07 17:21:42,690      views::views.py     11 SERVICE  - nima
2014-05-07 17:21:42,911      views::views.py     10   VIEW  - wocao
2014-05-07 17:21:42,911      views::views.py     11 SERVICE  - nima
2014-05-07 17:21:43,076      views::views.py     10   VIEW  - wocao
2014-05-07 17:21:43,076      views::views.py     11 SERVICE  - nima
2014-05-07 17:27:04,072      views::views.py     10   VIEW  - wocao
2014-05-07 17:27:04,072      views::views.py     11 SERVICE  - nima
2014-05-07 21:19:33,065      views::views.py     10   VIEW  - wocao
2014-05-07 21:19:33,073      views::views.py     11 SERVICE  - nima
2014-05-07 21:21:12,460      views::views.py     11   VIEW  - wocao
2014-05-07 21:21:12,460      views::views.py     12 SERVICE  - nima
2014-05-07 21:21:16,746      views::views.py     11   VIEW  - wocao
2014-05-07 21:21:16,746      views::views.py     12 SERVICE  - nima
2014-05-07 21:21:36,219      views::views.py     11   VIEW  - wocao
2014-05-07 21:21:36,219      views::views.py     12 SERVICE  - nima
2014-05-07 21:22:53,835      views::views.py     11   VIEW  - wocao
2014-05-07 21:22:53,835      views::views.py     12 SERVICE  - nima
2014-05-07 21:24:44,474      views::views.py     11   VIEW  - wocao
2014-05-07 21:24:44,474      views::views.py     12 SERVICE  - nima
2014-05-07 21:24:44,516      views::views.py     11   VIEW  - wocao
2014-05-07 21:24:44,516      views::views.py     12 SERVICE  - nima
